{
  "RSpec": {
    "coverage": {
      "C:/Nishu/Projects/ruby-workspace/firstRailsProject/app/helpers/application_helper.rb": {
        "lines": [
          1,
          null
        ]
      },
      "C:/Nishu/Projects/ruby-workspace/firstRailsProject/app/helpers/courses_helper.rb": {
        "lines": [
          1,
          null
        ]
      },
      "C:/Nishu/Projects/ruby-workspace/firstRailsProject/app/helpers/departments_helper.rb": {
        "lines": [
          1,
          null
        ]
      },
      "C:/Nishu/Projects/ruby-workspace/firstRailsProject/app/helpers/enrolls_helper.rb": {
        "lines": [
          1,
          null
        ]
      },
      "C:/Nishu/Projects/ruby-workspace/firstRailsProject/app/helpers/home_helper.rb": {
        "lines": [
          1,
          null
        ]
      },
      "C:/Nishu/Projects/ruby-workspace/firstRailsProject/app/helpers/login_helper.rb": {
        "lines": [
          1,
          null
        ]
      },
      "C:/Nishu/Projects/ruby-workspace/firstRailsProject/app/helpers/students_helper.rb": {
        "lines": [
          1,
          null
        ]
      },
      "C:/Nishu/Projects/ruby-workspace/firstRailsProject/app/controllers/courses_controller.rb": {
        "lines": [
          1,
          1,
          1,
          null,
          null,
          1,
          1,
          null,
          null,
          1,
          1,
          1,
          null,
          null,
          1,
          3,
          3,
          3,
          2,
          null,
          1,
          null,
          null,
          null,
          1,
          1,
          1,
          null,
          null,
          1,
          3,
          3,
          2,
          null,
          1,
          null,
          null,
          null,
          1,
          1,
          1,
          1,
          null,
          null,
          1,
          1,
          6,
          null,
          null
        ]
      },
      "C:/Nishu/Projects/ruby-workspace/firstRailsProject/app/controllers/application_controller.rb": {
        "lines": [
          1,
          null,
          null,
          null,
          null,
          null,
          null,
          null,
          null,
          null,
          null,
          null,
          null,
          null,
          null,
          null,
          null,
          null,
          1,
          1,
          1,
          45,
          null,
          null
        ]
      },
      "C:/Nishu/Projects/ruby-workspace/firstRailsProject/app/controllers/departments_controller.rb": {
        "lines": [
          1,
          null,
          1,
          1,
          null,
          null,
          1,
          1,
          null,
          null,
          1,
          1,
          null,
          null,
          1,
          3,
          3,
          2,
          null,
          1,
          null,
          null,
          null,
          1,
          1,
          null,
          null,
          1,
          3,
          3,
          2,
          null,
          1,
          null,
          null,
          null,
          1,
          1,
          1,
          1,
          null,
          null,
          1,
          1,
          6,
          null,
          null
        ]
      },
      "C:/Nishu/Projects/ruby-workspace/firstRailsProject/app/controllers/enrolls_controller.rb": {
        "lines": [
          1,
          null,
          1,
          1,
          1,
          null,
          null,
          1,
          null,
          null,
          null,
          null,
          null,
          null,
          null,
          null,
          null,
          null,
          null,
          null,
          1,
          3,
          3,
          3,
          3,
          2,
          null,
          1,
          1,
          null,
          null,
          null,
          1,
          1,
          1,
          1,
          null,
          null,
          1,
          null,
          1,
          6,
          null,
          null
        ]
      },
      "C:/Nishu/Projects/ruby-workspace/firstRailsProject/app/controllers/home_controller.rb": {
        "lines": [
          1,
          1,
          null,
          null
        ]
      },
      "C:/Nishu/Projects/ruby-workspace/firstRailsProject/app/controllers/login_controller.rb": {
        "lines": [
          1,
          1,
          1,
          null,
          null,
          1,
          4,
          2,
          2,
          null,
          2,
          2,
          null,
          null,
          null,
          1,
          1,
          7,
          null,
          null,
          1,
          4,
          4,
          1,
          3,
          null,
          null,
          null,
          1,
          3,
          3,
          1,
          1,
          null,
          2,
          1,
          1,
          1,
          1,
          null,
          null,
          null,
          1,
          null,
          null
        ]
      },
      "C:/Nishu/Projects/ruby-workspace/firstRailsProject/app/controllers/logout_controller.rb": {
        "lines": [
          1,
          1,
          1,
          1,
          null,
          null
        ]
      },
      "C:/Nishu/Projects/ruby-workspace/firstRailsProject/app/controllers/students_controller.rb": {
        "lines": [
          1,
          null,
          1,
          null,
          1,
          null,
          null,
          null,
          1,
          1,
          1,
          1,
          3,
          null,
          null,
          1,
          1,
          1,
          1,
          null,
          null,
          1,
          3,
          3,
          3,
          2,
          null,
          1,
          null,
          null,
          null,
          1,
          1,
          1,
          1,
          3,
          4,
          1,
          null,
          null,
          1,
          3,
          3,
          2,
          null,
          1,
          null,
          null,
          null,
          1,
          null,
          null,
          1,
          1,
          1,
          null,
          null,
          1,
          1,
          6,
          null,
          null
        ]
      },
      "C:/Nishu/Projects/ruby-workspace/firstRailsProject/app/models/course.rb": {
        "lines": [
          1,
          1,
          1,
          1,
          1,
          1,
          1,
          null
        ]
      },
      "C:/Nishu/Projects/ruby-workspace/firstRailsProject/app/models/application_record.rb": {
        "lines": [
          1,
          1,
          null
        ]
      },
      "C:/Nishu/Projects/ruby-workspace/firstRailsProject/app/models/department.rb": {
        "lines": [
          1,
          1,
          1,
          1,
          1,
          null
        ]
      },
      "C:/Nishu/Projects/ruby-workspace/firstRailsProject/app/models/enroll.rb": {
        "lines": [
          1,
          1,
          1,
          1,
          1,
          null
        ]
      },
      "C:/Nishu/Projects/ruby-workspace/firstRailsProject/app/models/student.rb": {
        "lines": [
          1,
          1,
          1,
          1,
          1,
          1,
          1,
          null
        ]
      },
      "C:/Nishu/Projects/ruby-workspace/firstRailsProject/app/channels/application_cable/channel.rb": {
        "lines": [
          0,
          0,
          0,
          0
        ],
        "branches": {
        }
      },
      "C:/Nishu/Projects/ruby-workspace/firstRailsProject/app/channels/application_cable/connection.rb": {
        "lines": [
          0,
          0,
          0,
          0
        ],
        "branches": {
        }
      },
      "C:/Nishu/Projects/ruby-workspace/firstRailsProject/app/jobs/application_job.rb": {
        "lines": [
          0,
          null,
          null,
          null,
          null,
          null,
          0
        ],
        "branches": {
        }
      },
      "C:/Nishu/Projects/ruby-workspace/firstRailsProject/app/mailers/application_mailer.rb": {
        "lines": [
          0,
          0,
          0,
          0
        ],
        "branches": {
        }
      },
      "C:/Nishu/Projects/ruby-workspace/firstRailsProject/app/models/session.rb": {
        "lines": [
          0,
          null,
          0
        ],
        "branches": {
        }
      }
    },
    "timestamp": 1625466544
  }
}
